<?xml version="1.0" encoding="UTF-8"?>
<testng-results ignored="0" total="2" passed="2" failed="0" skipped="0">
  <reporter-output>
  </reporter-output>
  <suite started-at="2021-10-02T23:48:57 ICT" name="Suite" finished-at="2021-10-02T23:48:57 ICT" duration-ms="37">
    <groups>
    </groups>
    <test started-at="2021-10-02T23:48:57 ICT" name="Test_with_parameters" finished-at="2021-10-02T23:48:57 ICT" duration-ms="37">
      <class name="test_Packages.DeltaLargerThanZero">
        <test-method signature="checkDelta(double,double,double)[pri:1, instance:test_Packages.DeltaLargerThanZero@41c2284a]" started-at="2021-10-02T23:48:57 ICT" name="checkDelta" finished-at="2021-10-02T23:48:57 ICT" duration-ms="8" status="PASS">
          <params>
            <param index="0">
              <value>
                <![CDATA[1.0]]>
              </value>
            </param>
            <param index="1">
              <value>
                <![CDATA[1.0]]>
              </value>
            </param>
            <param index="2">
              <value>
                <![CDATA[-2.0]]>
              </value>
            </param>
          </params>
          <reporter-output>
          </reporter-output>
        </test-method> <!-- checkDelta -->
        <test-method signature="delta_larger_than_0(double,double,double)[pri:2, instance:test_Packages.DeltaLargerThanZero@41c2284a]" started-at="2021-10-02T23:48:57 ICT" name="delta_larger_than_0" finished-at="2021-10-02T23:48:57 ICT" duration-ms="1" status="PASS">
          <params>
            <param index="0">
              <value>
                <![CDATA[1.0]]>
              </value>
            </param>
            <param index="1">
              <value>
                <![CDATA[1.0]]>
              </value>
            </param>
            <param index="2">
              <value>
                <![CDATA[-2.0]]>
              </value>
            </param>
          </params>
          <reporter-output>
          </reporter-output>
        </test-method> <!-- delta_larger_than_0 -->
      </class> <!-- test_Packages.DeltaLargerThanZero -->
    </test> <!-- Test_with_parameters -->
  </suite> <!-- Suite -->
</testng-results>
